2017-11-20 18:28:53.5022|ERROR|EmailApplication.MailQueue|System.Net.Mail.SmtpException: Failure sending mail. ---> System.IO.IOException: Unable to read data from the transport connection: net_io_connectionclosed.
   at System.Net.Mail.SmtpReplyReaderFactory.ProcessRead(Byte[] buffer, Int32 offset, Int32 read, Boolean readLine)
   at System.Net.Mail.SmtpReplyReaderFactory.ReadLines(SmtpReplyReader caller, Boolean oneLine)
   at System.Net.Mail.SmtpReplyReaderFactory.ReadLine(SmtpReplyReader caller)
   at System.Net.Mail.SmtpConnection.GetConnection(ServicePoint servicePoint)
   at System.Net.Mail.SmtpTransport.GetConnection(ServicePoint servicePoint)
   at System.Net.Mail.SmtpClient.GetConnection()
   at System.Net.Mail.SmtpClient.Send(MailMessage message)
   --- End of inner exception stack trace ---
   at System.Net.Mail.SmtpClient.Send(MailMessage message)
   at EmailApplication.MailQueue.sendMail(EmailQueueModel eq) in C:\Users\jason\Documents\Git\PRAWaitlist\PRAWaitlist\EmailApplication\MailQueue.cs:line 88
2017-11-20 18:29:17.3304|ERROR|EmailApplication.MailQueue|System.Net.Mail.SmtpException: Failure sending mail. ---> System.IO.IOException: Unable to read data from the transport connection: net_io_connectionclosed.
   at System.Net.Mail.SmtpReplyReaderFactory.ProcessRead(Byte[] buffer, Int32 offset, Int32 read, Boolean readLine)
   at System.Net.Mail.SmtpReplyReaderFactory.ReadLines(SmtpReplyReader caller, Boolean oneLine)
   at System.Net.Mail.SmtpReplyReaderFactory.ReadLine(SmtpReplyReader caller)
   at System.Net.Mail.SmtpConnection.GetConnection(ServicePoint servicePoint)
   at System.Net.Mail.SmtpTransport.GetConnection(ServicePoint servicePoint)
   at System.Net.Mail.SmtpClient.GetConnection()
   at System.Net.Mail.SmtpClient.Send(MailMessage message)
   --- End of inner exception stack trace ---
   at System.Net.Mail.SmtpClient.Send(MailMessage message)
   at EmailApplication.MailQueue.sendMail(EmailQueueModel eq) in C:\Users\jason\Documents\Git\PRAWaitlist\PRAWaitlist\EmailApplication\MailQueue.cs:line 88
2017-11-20 18:29:32.9766|ERROR|EmailApplication.MailQueue|System.Net.Mail.SmtpException: Failure sending mail. ---> System.IO.IOException: Unable to read data from the transport connection: net_io_connectionclosed.
   at System.Net.Mail.SmtpReplyReaderFactory.ProcessRead(Byte[] buffer, Int32 offset, Int32 read, Boolean readLine)
   at System.Net.Mail.SmtpReplyReaderFactory.ReadLines(SmtpReplyReader caller, Boolean oneLine)
   at System.Net.Mail.SmtpReplyReaderFactory.ReadLine(SmtpReplyReader caller)
   at System.Net.Mail.SmtpConnection.GetConnection(ServicePoint servicePoint)
   at System.Net.Mail.SmtpTransport.GetConnection(ServicePoint servicePoint)
   at System.Net.Mail.SmtpClient.GetConnection()
   at System.Net.Mail.SmtpClient.Send(MailMessage message)
   --- End of inner exception stack trace ---
   at System.Net.Mail.SmtpClient.Send(MailMessage message)
   at EmailApplication.MailQueue.sendMail(EmailQueueModel eq) in C:\Users\jason\Documents\Git\PRAWaitlist\PRAWaitlist\EmailApplication\MailQueue.cs:line 88
2017-11-20 18:29:43.1270|ERROR|EmailApplication.MailQueue|System.Net.Mail.SmtpException: Failure sending mail. ---> System.IO.IOException: Unable to read data from the transport connection: net_io_connectionclosed.
   at System.Net.Mail.SmtpReplyReaderFactory.ProcessRead(Byte[] buffer, Int32 offset, Int32 read, Boolean readLine)
   at System.Net.Mail.SmtpReplyReaderFactory.ReadLines(SmtpReplyReader caller, Boolean oneLine)
   at System.Net.Mail.SmtpReplyReaderFactory.ReadLine(SmtpReplyReader caller)
   at System.Net.Mail.SmtpConnection.GetConnection(ServicePoint servicePoint)
   at System.Net.Mail.SmtpTransport.GetConnection(ServicePoint servicePoint)
   at System.Net.Mail.SmtpClient.GetConnection()
   at System.Net.Mail.SmtpClient.Send(MailMessage message)
   --- End of inner exception stack trace ---
   at System.Net.Mail.SmtpClient.Send(MailMessage message)
   at EmailApplication.MailQueue.sendMail(EmailQueueModel eq) in C:\Users\jason\Documents\Git\PRAWaitlist\PRAWaitlist\EmailApplication\MailQueue.cs:line 88
2017-11-20 18:35:08.1951|ERROR|EmailApplication.MailQueue|System.Net.Mail.SmtpException: Failure sending mail. ---> System.IO.IOException: Unable to read data from the transport connection: net_io_connectionclosed.
   at System.Net.Mail.SmtpReplyReaderFactory.ProcessRead(Byte[] buffer, Int32 offset, Int32 read, Boolean readLine)
   at System.Net.Mail.SmtpReplyReaderFactory.ReadLines(SmtpReplyReader caller, Boolean oneLine)
   at System.Net.Mail.SmtpReplyReaderFactory.ReadLine(SmtpReplyReader caller)
   at System.Net.Mail.SmtpConnection.GetConnection(ServicePoint servicePoint)
   at System.Net.Mail.SmtpTransport.GetConnection(ServicePoint servicePoint)
   at System.Net.Mail.SmtpClient.GetConnection()
   at System.Net.Mail.SmtpClient.Send(MailMessage message)
   --- End of inner exception stack trace ---
   at System.Net.Mail.SmtpClient.Send(MailMessage message)
   at EmailApplication.MailQueue.sendMail(EmailQueueModel eq) in C:\Users\jason\Documents\Git\PRAWaitlist\PRAWaitlist\EmailApplication\MailQueue.cs:line 88
2017-11-20 18:35:18.4354|ERROR|EmailApplication.MailQueue|System.Net.Mail.SmtpException: Failure sending mail. ---> System.IO.IOException: Unable to read data from the transport connection: net_io_connectionclosed.
   at System.Net.Mail.SmtpReplyReaderFactory.ProcessRead(Byte[] buffer, Int32 offset, Int32 read, Boolean readLine)
   at System.Net.Mail.SmtpReplyReaderFactory.ReadLines(SmtpReplyReader caller, Boolean oneLine)
   at System.Net.Mail.SmtpReplyReaderFactory.ReadLine(SmtpReplyReader caller)
   at System.Net.Mail.SmtpConnection.GetConnection(ServicePoint servicePoint)
   at System.Net.Mail.SmtpTransport.GetConnection(ServicePoint servicePoint)
   at System.Net.Mail.SmtpClient.GetConnection()
   at System.Net.Mail.SmtpClient.Send(MailMessage message)
   --- End of inner exception stack trace ---
   at System.Net.Mail.SmtpClient.Send(MailMessage message)
   at EmailApplication.MailQueue.sendMail(EmailQueueModel eq) in C:\Users\jason\Documents\Git\PRAWaitlist\PRAWaitlist\EmailApplication\MailQueue.cs:line 88
2017-11-20 18:35:28.6412|ERROR|EmailApplication.MailQueue|System.Net.Mail.SmtpException: Failure sending mail. ---> System.IO.IOException: Unable to read data from the transport connection: net_io_connectionclosed.
   at System.Net.Mail.SmtpReplyReaderFactory.ProcessRead(Byte[] buffer, Int32 offset, Int32 read, Boolean readLine)
   at System.Net.Mail.SmtpReplyReaderFactory.ReadLines(SmtpReplyReader caller, Boolean oneLine)
   at System.Net.Mail.SmtpReplyReaderFactory.ReadLine(SmtpReplyReader caller)
   at System.Net.Mail.SmtpConnection.GetConnection(ServicePoint servicePoint)
   at System.Net.Mail.SmtpTransport.GetConnection(ServicePoint servicePoint)
   at System.Net.Mail.SmtpClient.GetConnection()
   at System.Net.Mail.SmtpClient.Send(MailMessage message)
   --- End of inner exception stack trace ---
   at System.Net.Mail.SmtpClient.Send(MailMessage message)
   at EmailApplication.MailQueue.sendMail(EmailQueueModel eq) in C:\Users\jason\Documents\Git\PRAWaitlist\PRAWaitlist\EmailApplication\MailQueue.cs:line 88
2017-11-20 18:35:38.8548|ERROR|EmailApplication.MailQueue|System.Net.Mail.SmtpException: Failure sending mail. ---> System.IO.IOException: Unable to read data from the transport connection: net_io_connectionclosed.
   at System.Net.Mail.SmtpReplyReaderFactory.ProcessRead(Byte[] buffer, Int32 offset, Int32 read, Boolean readLine)
   at System.Net.Mail.SmtpReplyReaderFactory.ReadLines(SmtpReplyReader caller, Boolean oneLine)
   at System.Net.Mail.SmtpReplyReaderFactory.ReadLine(SmtpReplyReader caller)
   at System.Net.Mail.SmtpConnection.GetConnection(ServicePoint servicePoint)
   at System.Net.Mail.SmtpTransport.GetConnection(ServicePoint servicePoint)
   at System.Net.Mail.SmtpClient.GetConnection()
   at System.Net.Mail.SmtpClient.Send(MailMessage message)
   --- End of inner exception stack trace ---
   at System.Net.Mail.SmtpClient.Send(MailMessage message)
   at EmailApplication.MailQueue.sendMail(EmailQueueModel eq) in C:\Users\jason\Documents\Git\PRAWaitlist\PRAWaitlist\EmailApplication\MailQueue.cs:line 88
2017-11-20 18:45:04.0651|ERROR|EmailApplication.MailQueue|System.Net.Mail.SmtpException: Failure sending mail. ---> System.IO.IOException: Unable to read data from the transport connection: net_io_connectionclosed.
   at System.Net.Mail.SmtpReplyReaderFactory.ProcessRead(Byte[] buffer, Int32 offset, Int32 read, Boolean readLine)
   at System.Net.Mail.SmtpReplyReaderFactory.ReadLines(SmtpReplyReader caller, Boolean oneLine)
   at System.Net.Mail.SmtpReplyReaderFactory.ReadLine(SmtpReplyReader caller)
   at System.Net.Mail.SmtpConnection.GetConnection(ServicePoint servicePoint)
   at System.Net.Mail.SmtpTransport.GetConnection(ServicePoint servicePoint)
   at System.Net.Mail.SmtpClient.GetConnection()
   at System.Net.Mail.SmtpClient.Send(MailMessage message)
   --- End of inner exception stack trace ---
   at System.Net.Mail.SmtpClient.Send(MailMessage message)
   at EmailApplication.MailQueue.sendMail(EmailQueueModel eq) in C:\Users\jason\Documents\Git\PRAWaitlist\PRAWaitlist\EmailApplication\MailQueue.cs:line 88
2017-11-20 18:45:14.3949|ERROR|EmailApplication.MailQueue|System.Net.Mail.SmtpException: Failure sending mail. ---> System.IO.IOException: Unable to read data from the transport connection: net_io_connectionclosed.
   at System.Net.Mail.SmtpReplyReaderFactory.ProcessRead(Byte[] buffer, Int32 offset, Int32 read, Boolean readLine)
   at System.Net.Mail.SmtpReplyReaderFactory.ReadLines(SmtpReplyReader caller, Boolean oneLine)
   at System.Net.Mail.SmtpReplyReaderFactory.ReadLine(SmtpReplyReader caller)
   at System.Net.Mail.SmtpConnection.GetConnection(ServicePoint servicePoint)
   at System.Net.Mail.SmtpTransport.GetConnection(ServicePoint servicePoint)
   at System.Net.Mail.SmtpClient.GetConnection()
   at System.Net.Mail.SmtpClient.Send(MailMessage message)
   --- End of inner exception stack trace ---
   at System.Net.Mail.SmtpClient.Send(MailMessage message)
   at EmailApplication.MailQueue.sendMail(EmailQueueModel eq) in C:\Users\jason\Documents\Git\PRAWaitlist\PRAWaitlist\EmailApplication\MailQueue.cs:line 88
2017-11-20 18:45:24.6164|ERROR|EmailApplication.MailQueue|System.Net.Mail.SmtpException: Failure sending mail. ---> System.IO.IOException: Unable to read data from the transport connection: net_io_connectionclosed.
   at System.Net.Mail.SmtpReplyReaderFactory.ProcessRead(Byte[] buffer, Int32 offset, Int32 read, Boolean readLine)
   at System.Net.Mail.SmtpReplyReaderFactory.ReadLines(SmtpReplyReader caller, Boolean oneLine)
   at System.Net.Mail.SmtpReplyReaderFactory.ReadLine(SmtpReplyReader caller)
   at System.Net.Mail.SmtpConnection.GetConnection(ServicePoint servicePoint)
   at System.Net.Mail.SmtpTransport.GetConnection(ServicePoint servicePoint)
   at System.Net.Mail.SmtpClient.GetConnection()
   at System.Net.Mail.SmtpClient.Send(MailMessage message)
   --- End of inner exception stack trace ---
   at System.Net.Mail.SmtpClient.Send(MailMessage message)
   at EmailApplication.MailQueue.sendMail(EmailQueueModel eq) in C:\Users\jason\Documents\Git\PRAWaitlist\PRAWaitlist\EmailApplication\MailQueue.cs:line 88
2017-11-20 18:45:34.8329|ERROR|EmailApplication.MailQueue|System.Net.Mail.SmtpException: Failure sending mail. ---> System.IO.IOException: Unable to read data from the transport connection: net_io_connectionclosed.
   at System.Net.Mail.SmtpReplyReaderFactory.ProcessRead(Byte[] buffer, Int32 offset, Int32 read, Boolean readLine)
   at System.Net.Mail.SmtpReplyReaderFactory.ReadLines(SmtpReplyReader caller, Boolean oneLine)
   at System.Net.Mail.SmtpReplyReaderFactory.ReadLine(SmtpReplyReader caller)
   at System.Net.Mail.SmtpConnection.GetConnection(ServicePoint servicePoint)
   at System.Net.Mail.SmtpTransport.GetConnection(ServicePoint servicePoint)
   at System.Net.Mail.SmtpClient.GetConnection()
   at System.Net.Mail.SmtpClient.Send(MailMessage message)
   --- End of inner exception stack trace ---
   at System.Net.Mail.SmtpClient.Send(MailMessage message)
   at EmailApplication.MailQueue.sendMail(EmailQueueModel eq) in C:\Users\jason\Documents\Git\PRAWaitlist\PRAWaitlist\EmailApplication\MailQueue.cs:line 88
2017-11-20 18:46:25.4014|ERROR|EmailApplication.MailQueue|System.Net.Mail.SmtpException: Failure sending mail. ---> System.Net.WebException: Unable to connect to the remote server ---> System.Net.Sockets.SocketException: A connection attempt failed because the connected party did not properly respond after a period of time, or established connection failed because connected host has failed to respond 74.125.28.28:25
   at System.Net.Sockets.Socket.DoConnect(EndPoint endPointSnapshot, SocketAddress socketAddress)
   at System.Net.ServicePoint.ConnectSocketInternal(Boolean connectFailure, Socket s4, Socket s6, Socket& socket, IPAddress& address, ConnectSocketState state, IAsyncResult asyncResult, Exception& exception)
   --- End of inner exception stack trace ---
   at System.Net.ServicePoint.GetConnection(PooledStream PooledStream, Object owner, Boolean async, IPAddress& address, Socket& abortSocket, Socket& abortSocket6)
   at System.Net.PooledStream.Activate(Object owningObject, Boolean async, GeneralAsyncDelegate asyncCallback)
   at System.Net.PooledStream.Activate(Object owningObject, GeneralAsyncDelegate asyncCallback)
   at System.Net.ConnectionPool.GetConnection(Object owningObject, GeneralAsyncDelegate asyncCallback, Int32 creationTimeout)
   at System.Net.Mail.SmtpConnection.GetConnection(ServicePoint servicePoint)
   at System.Net.Mail.SmtpTransport.GetConnection(ServicePoint servicePoint)
   at System.Net.Mail.SmtpClient.GetConnection()
   at System.Net.Mail.SmtpClient.Send(MailMessage message)
   --- End of inner exception stack trace ---
   at System.Net.Mail.SmtpClient.Send(MailMessage message)
   at EmailApplication.MailQueue.sendMail(EmailQueueModel eq) in C:\Users\jason\Documents\Git\PRAWaitlist\PRAWaitlist\EmailApplication\MailQueue.cs:line 88
2017-11-20 18:46:46.4876|ERROR|EmailApplication.MailQueue|System.Net.Mail.SmtpException: Failure sending mail. ---> System.Net.WebException: Unable to connect to the remote server ---> System.Net.Sockets.SocketException: A connection attempt failed because the connected party did not properly respond after a period of time, or established connection failed because connected host has failed to respond 74.125.28.28:25
   at System.Net.Sockets.Socket.DoConnect(EndPoint endPointSnapshot, SocketAddress socketAddress)
   at System.Net.ServicePoint.ConnectSocketInternal(Boolean connectFailure, Socket s4, Socket s6, Socket& socket, IPAddress& address, ConnectSocketState state, IAsyncResult asyncResult, Exception& exception)
   --- End of inner exception stack trace ---
   at System.Net.ServicePoint.GetConnection(PooledStream PooledStream, Object owner, Boolean async, IPAddress& address, Socket& abortSocket, Socket& abortSocket6)
   at System.Net.PooledStream.Activate(Object owningObject, Boolean async, GeneralAsyncDelegate asyncCallback)
   at System.Net.PooledStream.Activate(Object owningObject, GeneralAsyncDelegate asyncCallback)
   at System.Net.ConnectionPool.GetConnection(Object owningObject, GeneralAsyncDelegate asyncCallback, Int32 creationTimeout)
   at System.Net.Mail.SmtpConnection.GetConnection(ServicePoint servicePoint)
   at System.Net.Mail.SmtpTransport.GetConnection(ServicePoint servicePoint)
   at System.Net.Mail.SmtpClient.GetConnection()
   at System.Net.Mail.SmtpClient.Send(MailMessage message)
   --- End of inner exception stack trace ---
   at System.Net.Mail.SmtpClient.Send(MailMessage message)
   at EmailApplication.MailQueue.sendMail(EmailQueueModel eq) in C:\Users\jason\Documents\Git\PRAWaitlist\PRAWaitlist\EmailApplication\MailQueue.cs:line 88
2017-11-20 18:47:07.5088|ERROR|EmailApplication.MailQueue|System.Net.Mail.SmtpException: Failure sending mail. ---> System.Net.WebException: Unable to connect to the remote server ---> System.Net.Sockets.SocketException: A connection attempt failed because the connected party did not properly respond after a period of time, or established connection failed because connected host has failed to respond 74.125.28.28:25
   at System.Net.Sockets.Socket.DoConnect(EndPoint endPointSnapshot, SocketAddress socketAddress)
   at System.Net.ServicePoint.ConnectSocketInternal(Boolean connectFailure, Socket s4, Socket s6, Socket& socket, IPAddress& address, ConnectSocketState state, IAsyncResult asyncResult, Exception& exception)
   --- End of inner exception stack trace ---
   at System.Net.ServicePoint.GetConnection(PooledStream PooledStream, Object owner, Boolean async, IPAddress& address, Socket& abortSocket, Socket& abortSocket6)
   at System.Net.PooledStream.Activate(Object owningObject, Boolean async, GeneralAsyncDelegate asyncCallback)
   at System.Net.PooledStream.Activate(Object owningObject, GeneralAsyncDelegate asyncCallback)
   at System.Net.ConnectionPool.GetConnection(Object owningObject, GeneralAsyncDelegate asyncCallback, Int32 creationTimeout)
   at System.Net.Mail.SmtpConnection.GetConnection(ServicePoint servicePoint)
   at System.Net.Mail.SmtpTransport.GetConnection(ServicePoint servicePoint)
   at System.Net.Mail.SmtpClient.GetConnection()
   at System.Net.Mail.SmtpClient.Send(MailMessage message)
   --- End of inner exception stack trace ---
   at System.Net.Mail.SmtpClient.Send(MailMessage message)
   at EmailApplication.MailQueue.sendMail(EmailQueueModel eq) in C:\Users\jason\Documents\Git\PRAWaitlist\PRAWaitlist\EmailApplication\MailQueue.cs:line 88
2017-11-20 18:47:28.5438|ERROR|EmailApplication.MailQueue|System.Net.Mail.SmtpException: Failure sending mail. ---> System.Net.WebException: Unable to connect to the remote server ---> System.Net.Sockets.SocketException: A connection attempt failed because the connected party did not properly respond after a period of time, or established connection failed because connected host has failed to respond 74.125.28.28:25
   at System.Net.Sockets.Socket.DoConnect(EndPoint endPointSnapshot, SocketAddress socketAddress)
   at System.Net.ServicePoint.ConnectSocketInternal(Boolean connectFailure, Socket s4, Socket s6, Socket& socket, IPAddress& address, ConnectSocketState state, IAsyncResult asyncResult, Exception& exception)
   --- End of inner exception stack trace ---
   at System.Net.ServicePoint.GetConnection(PooledStream PooledStream, Object owner, Boolean async, IPAddress& address, Socket& abortSocket, Socket& abortSocket6)
   at System.Net.PooledStream.Activate(Object owningObject, Boolean async, GeneralAsyncDelegate asyncCallback)
   at System.Net.PooledStream.Activate(Object owningObject, GeneralAsyncDelegate asyncCallback)
   at System.Net.ConnectionPool.GetConnection(Object owningObject, GeneralAsyncDelegate asyncCallback, Int32 creationTimeout)
   at System.Net.Mail.SmtpConnection.GetConnection(ServicePoint servicePoint)
   at System.Net.Mail.SmtpTransport.GetConnection(ServicePoint servicePoint)
   at System.Net.Mail.SmtpClient.GetConnection()
   at System.Net.Mail.SmtpClient.Send(MailMessage message)
   --- End of inner exception stack trace ---
   at System.Net.Mail.SmtpClient.Send(MailMessage message)
   at EmailApplication.MailQueue.sendMail(EmailQueueModel eq) in C:\Users\jason\Documents\Git\PRAWaitlist\PRAWaitlist\EmailApplication\MailQueue.cs:line 88
